#
# A fatal error has been detected by the Java Runtime Environment:
#
#  Internal Error (t:/workspace/open/src/hotspot/share/runtime/signature.cpp:54), pid=12324, tid=9128
#  fatal error: expecting (
#
# JRE version: Java(TM) SE Runtime Environment (13.0.2+8) (build 13.0.2+8)
# Java VM: Java HotSpot(TM) 64-Bit Server VM (13.0.2+8, mixed mode, sharing, tiered, compressed oops, g1 gc, windows-amd64)
# No core dump will be written. Minidumps are not enabled by default on client versions of Windows
#
# If you would like to submit a bug report, please visit:
#   http://bugreport.java.com/bugreport/crash.jsp
#

---------------  S U M M A R Y ------------

Command Line: -agentlib:jdwp=transport=dt_socket,suspend=y,address=localhost:64414 -ea -Dfile.encoding=UTF-8 org.testng.remote.RemoteTestNG -serport 64395 -protocol json -d E:\eclipse-workspace\FXPRIMUS\test-output C:\Users\LQA\AppData\Local\Temp\testng-eclipse-747877435\testng-customsuite.xml

Host: Intel(R) Core(TM) i5-2400 CPU @ 3.10GHz, 4 cores, 7G,  Windows 10 , 64 bit Build 18362 (10.0.18362.900)
Time: Mon Jul 13 11:07:01 2020 SE Asia Standard Time elapsed time: 465 seconds (0d 0h 7m 45s)

---------------  T H R E A D  ---------------

Current thread (0x000002807970d800):  JavaThread "JDWP Transport Listener: dt_socket" daemon [_thread_in_vm, id=9128, stack(0x0000009136f00000,0x0000009137000000)] _threads_hazard_ptr=0x000002807a5c4500

Stack: [0x0000009136f00000,0x0000009137000000]
Native frames: (J=compiled Java code, j=interpreted, Vv=VM code, C=native code)
V  [jvm.dll+0x624f9a]
V  [jvm.dll+0x770cfa]
V  [jvm.dll+0x7724af]
V  [jvm.dll+0x772a67]
V  [jvm.dll+0x24bcb4]
V  [jvm.dll+0x6a7c1b]
V  [jvm.dll+0x32fd73]
V  [jvm.dll+0x331a65]
V  [jvm.dll+0x33235e]
V  [jvm.dll+0x32fbcc]
V  [jvm.dll+0x32ee02]
V  [jvm.dll+0x6141e5]
V  [jvm.dll+0x613f6d]
V  [jvm.dll+0x5ddb03]
V  [jvm.dll+0x76840f]
V  [jvm.dll+0x4f6476]
V  [jvm.dll+0x7776dd]
V  [jvm.dll+0x4dc54e]
V  [jvm.dll+0x4a0d60]
C  [jdwp.dll+0x751f]


---------------  P R O C E S S  ---------------

Threads class SMR info:
_java_thread_list=0x000002807a5c4500, length=17, elements={
0x0000028069607000, 0x0000028078b32800, 0x0000028078b36800, 0x0000028078b50800,
0x0000028078b53000, 0x0000028078b56000, 0x0000028078b5b800, 0x0000028078b65800,
0x000002807970d800, 0x000002807970f800, 0x0000028079710800, 0x0000028079721000,
0x0000028079735800, 0x0000028079f57000, 0x000002807aead000, 0x00000280797c6000,
0x00000280795c1800
}

Java Threads: ( => current thread )
  0x0000028069607000 JavaThread "main" [_thread_blocked, id=10912, stack(0x0000009136100000,0x0000009136200000)]
  0x0000028078b32800 JavaThread "Reference Handler" daemon [_thread_blocked, id=11508, stack(0x0000009136800000,0x0000009136900000)]
  0x0000028078b36800 JavaThread "Finalizer" daemon [_thread_blocked, id=10324, stack(0x0000009136900000,0x0000009136a00000)]
  0x0000028078b50800 JavaThread "Signal Dispatcher" daemon [_thread_blocked, id=7112, stack(0x0000009136a00000,0x0000009136b00000)]
  0x0000028078b53000 JavaThread "Attach Listener" daemon [_thread_blocked, id=15376, stack(0x0000009136b00000,0x0000009136c00000)]
  0x0000028078b56000 JavaThread "C2 CompilerThread0" daemon [_thread_blocked, id=1040, stack(0x0000009136c00000,0x0000009136d00000)]
  0x0000028078b5b800 JavaThread "C1 CompilerThread0" daemon [_thread_blocked, id=9552, stack(0x0000009136d00000,0x0000009136e00000)]
  0x0000028078b65800 JavaThread "Sweeper thread" daemon [_thread_blocked, id=7132, stack(0x0000009136e00000,0x0000009136f00000)]
=>0x000002807970d800 JavaThread "JDWP Transport Listener: dt_socket" daemon [_thread_in_vm, id=9128, stack(0x0000009136f00000,0x0000009137000000)] _threads_hazard_ptr=0x000002807a5c4500
  0x000002807970f800 JavaThread "JDWP Event Helper Thread" daemon [_thread_blocked, id=11268, stack(0x0000009137000000,0x0000009137100000)]
  0x0000028079710800 JavaThread "JDWP Command Reader" daemon [_thread_in_native, id=6672, stack(0x0000009137100000,0x0000009137200000)]
  0x0000028079721000 JavaThread "Service Thread" daemon [_thread_blocked, id=10936, stack(0x0000009137200000,0x0000009137300000)]
  0x0000028079735800 JavaThread "Common-Cleaner" daemon [_thread_blocked, id=12284, stack(0x0000009137400000,0x0000009137500000)]
  0x0000028079f57000 JavaThread "ReaderThread" [_thread_in_native, id=13536, stack(0x0000009137800000,0x0000009137900000)]
  0x000002807aead000 JavaThread "Exec Default Executor" daemon [_thread_in_native, id=10784, stack(0x0000009137c00000,0x0000009137d00000)]
  0x00000280797c6000 JavaThread "Exec Stream Pumper" daemon [_thread_in_native, id=1428, stack(0x0000009137e00000,0x0000009137f00000)]
  0x00000280795c1800 JavaThread "Exec Stream Pumper" daemon [_thread_in_native, id=9628, stack(0x0000009137f00000,0x0000009138000000)]

Other Threads:
  0x0000028078b2e000 VMThread "VM Thread" [stack: 0x0000009136700000,0x0000009136800000] [id=2248]
  0x0000028079727800 WatcherThread [stack: 0x0000009137300000,0x0000009137400000] [id=6216]
  0x0000028069649800 GCTaskThread "GC Thread#0" [stack: 0x0000009136200000,0x0000009136300000] [id=13964]
  0x0000028079ff4000 GCTaskThread "GC Thread#1" [stack: 0x0000009137500000,0x0000009137600000] [id=15076]
  0x0000028079ff4800 GCTaskThread "GC Thread#2" [stack: 0x0000009137600000,0x0000009137700000] [id=5468]
  0x000002807a4f5000 GCTaskThread "GC Thread#3" [stack: 0x0000009137a00000,0x0000009137b00000] [id=3800]
  0x000002806965b000 ConcurrentGCThread "G1 Main Marker" [stack: 0x0000009136300000,0x0000009136400000] [id=8264]
  0x000002806965c800 ConcurrentGCThread "G1 Conc#0" [stack: 0x0000009136400000,0x0000009136500000] [id=6792]
  0x00000280789aa800 ConcurrentGCThread "G1 Refine#0" [stack: 0x0000009136500000,0x0000009136600000] [id=11820]
  0x00000280789ad800 ConcurrentGCThread "G1 Young RemSet Sampling" [stack: 0x0000009136600000,0x0000009136700000] [id=7468]

Threads with active compile tasks:

VM state:not at safepoint (normal execution)

VM Mutex/Monitor currently owned by a thread: None

Heap address: 0x0000000081400000, size: 2028 MB, Compressed Oops mode: 32-bit
Narrow klass base: 0x0000000800000000, Narrow klass shift: 3
Compressed class space size: 1073741824 Address: 0x0000000800b40000

Heap:
 garbage-first heap   total 51200K, used 34214K [0x0000000081400000, 0x0000000100000000)
  region size 1024K, 24 young (24576K), 3 survivors (3072K)
 Metaspace       used 25180K, capacity 25666K, committed 25856K, reserved 1071104K
  class space    used 3074K, capacity 3233K, committed 3328K, reserved 1048576K
Heap Regions: E=young(eden), S=young(survivor), O=old, HS=humongous(starts), HC=humongous(continues), CS=collection set, F=free, A=archive, TAMS=top-at-mark-start (previous, next)
|   0|0x0000000081400000, 0x0000000081500000, 0x0000000081500000|100%|HS|  |TAMS 0x0000000081500000, 0x0000000081400000| Complete 
|   1|0x0000000081500000, 0x0000000081600000, 0x0000000081600000|100%| O|  |TAMS 0x0000000081600000, 0x0000000081500000| Untracked 
|   2|0x0000000081600000, 0x0000000081700000, 0x0000000081700000|100%| O|  |TAMS 0x0000000081700000, 0x0000000081600000| Untracked 
|   3|0x0000000081700000, 0x0000000081800000, 0x0000000081800000|100%| O|  |TAMS 0x0000000081800000, 0x0000000081700000| Untracked 
|   4|0x0000000081800000, 0x0000000081900000, 0x0000000081900000|100%| O|  |TAMS 0x0000000081900000, 0x0000000081800000| Untracked 
|   5|0x0000000081900000, 0x0000000081a00000, 0x0000000081a00000|100%| O|  |TAMS 0x0000000081a00000, 0x0000000081900000| Untracked 
|   6|0x0000000081a00000, 0x0000000081b00000, 0x0000000081b00000|100%| O|  |TAMS 0x0000000081af4000, 0x0000000081a00000| Untracked 
|   7|0x0000000081b00000, 0x0000000081c00000, 0x0000000081c00000|100%| O|  |TAMS 0x0000000081b00000, 0x0000000081b00000| Untracked 
|   8|0x0000000081c00000, 0x0000000081d00000, 0x0000000081d00000|100%| O|  |TAMS 0x0000000081c00000, 0x0000000081c00000| Untracked 
|   9|0x0000000081d00000, 0x0000000081e00000, 0x0000000081e00000|100%| O|  |TAMS 0x0000000081d00000, 0x0000000081d00000| Untracked 
|  10|0x0000000081e00000, 0x0000000081ee7600, 0x0000000081f00000| 90%| O|  |TAMS 0x0000000081e00000, 0x0000000081e00000| Untracked 
|  11|0x0000000081f00000, 0x0000000081f00000, 0x0000000082000000|  0%| F|  |TAMS 0x0000000081f00000, 0x0000000081f00000| Untracked 
|  12|0x0000000082000000, 0x0000000082000000, 0x0000000082100000|  0%| F|  |TAMS 0x0000000082000000, 0x0000000082000000| Untracked 
|  13|0x0000000082100000, 0x0000000082100000, 0x0000000082200000|  0%| F|  |TAMS 0x0000000082100000, 0x0000000082100000| Untracked 
|  14|0x0000000082200000, 0x0000000082200000, 0x0000000082300000|  0%| F|  |TAMS 0x0000000082200000, 0x0000000082200000| Untracked 
|  15|0x0000000082300000, 0x0000000082300000, 0x0000000082400000|  0%| F|  |TAMS 0x0000000082300000, 0x0000000082300000| Untracked 
|  16|0x0000000082400000, 0x0000000082400000, 0x0000000082500000|  0%| F|  |TAMS 0x0000000082400000, 0x0000000082400000| Untracked 
|  17|0x0000000082500000, 0x0000000082500000, 0x0000000082600000|  0%| F|  |TAMS 0x0000000082500000, 0x0000000082500000| Untracked 
|  18|0x0000000082600000, 0x0000000082600000, 0x0000000082700000|  0%| F|  |TAMS 0x0000000082600000, 0x0000000082600000| Untracked 
|  19|0x0000000082700000, 0x0000000082700000, 0x0000000082800000|  0%| F|  |TAMS 0x0000000082700000, 0x0000000082700000| Untracked 
|  20|0x0000000082800000, 0x0000000082800000, 0x0000000082900000|  0%| F|  |TAMS 0x0000000082800000, 0x0000000082800000| Untracked 
|  21|0x0000000082900000, 0x0000000082900000, 0x0000000082a00000|  0%| F|  |TAMS 0x0000000082900000, 0x0000000082900000| Untracked 
|  22|0x0000000082a00000, 0x0000000082a00000, 0x0000000082b00000|  0%| F|  |TAMS 0x0000000082a00000, 0x0000000082a00000| Untracked 
|  23|0x0000000082b00000, 0x0000000082b00000, 0x0000000082c00000|  0%| F|  |TAMS 0x0000000082b00000, 0x0000000082b00000| Untracked 
|  24|0x0000000082c00000, 0x0000000082c00000, 0x0000000082d00000|  0%| F|  |TAMS 0x0000000082c00000, 0x0000000082c00000| Untracked 
|  25|0x0000000082d00000, 0x0000000082d00000, 0x0000000082e00000|  0%| F|  |TAMS 0x0000000082d00000, 0x0000000082d00000| Untracked 
|  26|0x0000000082e00000, 0x0000000082efa598, 0x0000000082f00000| 97%| E|  |TAMS 0x0000000082e00000, 0x0000000082e00000| Complete 
|  27|0x0000000082f00000, 0x0000000083000000, 0x0000000083000000|100%| E|CS|TAMS 0x0000000082f00000, 0x0000000082f00000| Complete 
|  28|0x0000000083000000, 0x0000000083100000, 0x0000000083100000|100%| E|CS|TAMS 0x0000000083000000, 0x0000000083000000| Complete 
|  29|0x0000000083100000, 0x0000000083200000, 0x0000000083200000|100%| E|CS|TAMS 0x0000000083100000, 0x0000000083100000| Complete 
|  30|0x0000000083200000, 0x0000000083300000, 0x0000000083300000|100%| E|CS|TAMS 0x0000000083200000, 0x0000000083200000| Complete 
|  31|0x0000000083300000, 0x0000000083400000, 0x0000000083400000|100%| E|CS|TAMS 0x0000000083300000, 0x0000000083300000| Complete 
|  32|0x0000000083400000, 0x0000000083500000, 0x0000000083500000|100%| E|CS|TAMS 0x0000000083400000, 0x0000000083400000| Complete 
|  33|0x0000000083500000, 0x0000000083600000, 0x0000000083600000|100%| E|CS|TAMS 0x0000000083500000, 0x0000000083500000| Complete 
|  34|0x0000000083600000, 0x0000000083700000, 0x0000000083700000|100%| E|CS|TAMS 0x0000000083600000, 0x0000000083600000| Complete 
|  35|0x0000000083700000, 0x0000000083800000, 0x0000000083800000|100%| E|CS|TAMS 0x0000000083700000, 0x0000000083700000| Complete 
|  36|0x0000000083800000, 0x0000000083900000, 0x0000000083900000|100%| E|CS|TAMS 0x0000000083800000, 0x0000000083800000| Complete 
|  37|0x0000000083900000, 0x0000000083a00000, 0x0000000083a00000|100%| E|CS|TAMS 0x0000000083900000, 0x0000000083900000| Complete 
|  38|0x0000000083a00000, 0x0000000083b00000, 0x0000000083b00000|100%| E|CS|TAMS 0x0000000083a00000, 0x0000000083a00000| Complete 
|  39|0x0000000083b00000, 0x0000000083c00000, 0x0000000083c00000|100%| E|CS|TAMS 0x0000000083b00000, 0x0000000083b00000| Complete 
|  40|0x0000000083c00000, 0x0000000083d00000, 0x0000000083d00000|100%| E|CS|TAMS 0x0000000083c00000, 0x0000000083c00000| Complete 
|  41|0x0000000083d00000, 0x0000000083e00000, 0x0000000083e00000|100%| E|CS|TAMS 0x0000000083d00000, 0x0000000083d00000| Complete 
|  42|0x0000000083e00000, 0x0000000083f00000, 0x0000000083f00000|100%| E|CS|TAMS 0x0000000083e00000, 0x0000000083e00000| Complete 
|  43|0x0000000083f00000, 0x0000000084000000, 0x0000000084000000|100%| E|CS|TAMS 0x0000000083f00000, 0x0000000083f00000| Complete 
|  44|0x0000000084000000, 0x0000000084100000, 0x0000000084100000|100%| E|CS|TAMS 0x0000000084000000, 0x0000000084000000| Complete 
|  45|0x0000000084100000, 0x0000000084200000, 0x0000000084200000|100%| E|CS|TAMS 0x0000000084100000, 0x0000000084100000| Complete 
|  88|0x0000000086c00000, 0x0000000086c82310, 0x0000000086d00000| 50%| S|CS|TAMS 0x0000000086c00000, 0x0000000086c00000| Complete 
|  89|0x0000000086d00000, 0x0000000086e00000, 0x0000000086e00000|100%| S|CS|TAMS 0x0000000086d00000, 0x0000000086d00000| Complete 
|  90|0x0000000086e00000, 0x0000000086f00000, 0x0000000086f00000|100%| S|CS|TAMS 0x0000000086e00000, 0x0000000086e00000| Complete 
| 127|0x0000000089300000, 0x0000000089400000, 0x0000000089400000|100%| E|CS|TAMS 0x0000000089300000, 0x0000000089300000| Complete 

Card table byte_map: [0x0000028071ef0000,0x00000280722f0000] _byte_map_base: 0x0000028071ae6000

Marking Bits (Prev, Next): (CMBitMap*) 0x000002806964a698, (CMBitMap*) 0x000002806964a658
 Prev Bits: [0x00000280746a0000, 0x0000028076650000)
 Next Bits: [0x00000280726f0000, 0x00000280746a0000)

Polling page: 0x0000028067540000

Metaspace:

Usage:
  Non-class:     21.91 MB capacity,    21.59 MB ( 99%) used,   277.73 KB (  1%) free+waste,    49.44 KB ( <1%) overhead. 
      Class:      3.16 MB capacity,     3.00 MB ( 95%) used,   135.78 KB (  4%) free+waste,    22.38 KB ( <1%) overhead. 
       Both:     25.06 MB capacity,    24.59 MB ( 98%) used,   413.51 KB (  2%) free+waste,    71.81 KB ( <1%) overhead. 

Virtual space:
  Non-class space:       22.00 MB reserved,      22.00 MB (100%) committed 
      Class space:        1.00 GB reserved,       3.25 MB ( <1%) committed 
             Both:        1.02 GB reserved,      25.25 MB (  2%) committed 

Chunk freelists:
   Non-Class:  31.00 KB
       Class:  0 bytes
        Both:  31.00 KB

MaxMetaspaceSize: 17179869184.00 GB
CompressedClassSpaceSize: 1.00 GB

CodeHeap 'non-profiled nmethods': size=120000Kb used=1355Kb max_used=1438Kb free=118644Kb
 bounds [0x0000028007ad0000, 0x0000028007d40000, 0x000002800f000000]
CodeHeap 'profiled nmethods': size=120000Kb used=5988Kb max_used=6662Kb free=114011Kb
 bounds [0x00000280005a0000, 0x0000028000c30000, 0x0000028007ad0000]
CodeHeap 'non-nmethods': size=5760Kb used=1354Kb max_used=1379Kb free=4405Kb
 bounds [0x0000028000000000, 0x0000028000270000, 0x00000280005a0000]
 total_blobs=4717 nmethods=2600 adapters=463
 compilation: enabled
              stopped_count=0, restarted_count=0
 full_count=0

Compilation events (20 events):
Event: 23.570 Thread 0x0000028078b5b800 3026       3       com.google.gson.internal.bind.TypeAdapters$33::create (30 bytes)
Event: 23.571 Thread 0x0000028078b5b800 nmethod 3026 0x0000028000638f90 code [0x0000028000639140, 0x0000028000639378]
Event: 23.571 Thread 0x0000028078b5b800 3027       3       com.google.gson.internal.$Gson$Types::getGenericSupertype (135 bytes)
Event: 23.573 Thread 0x0000028078b5b800 nmethod 3027 0x00000280007b2190 code [0x00000280007b2640, 0x00000280007b4a00]
Event: 24.074 Thread 0x0000028078b5b800 3028       3       com.google.gson.internal.Excluder::excludeClass (129 bytes)
Event: 24.077 Thread 0x0000028078b5b800 nmethod 3028 0x0000028000887790 code [0x0000028000887c40, 0x000002800088a070]
Event: 24.078 Thread 0x0000028078b5b800 3029   !   3       java.util.concurrent.ConcurrentHashMap::initTable (112 bytes)
Event: 24.078 Thread 0x0000028078b5b800 nmethod 3029 0x0000028000638510 code [0x0000028000638700, 0x0000028000638d50]
Event: 24.078 Thread 0x0000028078b5b800 3030       3       java.util.concurrent.locks.ReentrantLock$NonfairSync::tryAcquire (6 bytes)
Event: 24.079 Thread 0x0000028078b5b800 nmethod 3030 0x0000028000638090 code [0x0000028000638240, 0x0000028000638410]
Event: 24.079 Thread 0x0000028078b5b800 3031       3       java.util.concurrent.locks.ReentrantLock$Sync::nonfairTryAcquire (67 bytes)
Event: 24.079 Thread 0x0000028078b5b800 nmethod 3031 0x0000028000964510 code [0x0000028000964760, 0x0000028000965130]
Event: 24.087 Thread 0x0000028078b5b800 3032       3       org.apache.http.util.CharArrayBuffer::append (158 bytes)
Event: 24.088 Thread 0x0000028078b5b800 nmethod 3032 0x00000280005a9c10 code [0x00000280005a9f20, 0x00000280005ab150]
Event: 24.088 Thread 0x0000028078b5b800 3035   !   3       com.google.gson.Gson::getAdapter (257 bytes)
Event: 24.090 Thread 0x0000028078b5b800 nmethod 3035 0x00000280005e5c10 code [0x00000280005e6080, 0x00000280005e88d0]
Event: 24.091 Thread 0x0000028078b5b800 3033       3       org.apache.commons.logging.impl.Log4JLogger::isDebugEnabled (8 bytes)
Event: 24.091 Thread 0x0000028078b5b800 nmethod 3033 0x00000280005a8e90 code [0x00000280005a9080, 0x00000280005a97f0]
Event: 24.091 Thread 0x0000028078b5b800 3034       3       org.apache.log4j.Category::isDebugEnabled (28 bytes)
Event: 24.092 Thread 0x0000028078b5b800 nmethod 3034 0x0000028000963b10 code [0x0000028000963d00, 0x0000028000964338]

GC Heap History (8 events):
Event: 1.113 GC heap before
{Heap before GC invocations=0 (full 0):
 garbage-first heap   total 131072K, used 14336K [0x0000000081400000, 0x0000000100000000)
  region size 1024K, 14 young (14336K), 0 survivors (0K)
 Metaspace       used 1588K, capacity 4818K, committed 5120K, reserved 1056768K
  class space    used 148K, capacity 435K, committed 512K, reserved 1048576K
}
Event: 1.117 GC heap after
{Heap after GC invocations=1 (full 0):
 garbage-first heap   total 131072K, used 6705K [0x0000000081400000, 0x0000000100000000)
  region size 1024K, 2 young (2048K), 2 survivors (2048K)
 Metaspace       used 1588K, capacity 4818K, committed 5120K, reserved 1056768K
  class space    used 148K, capacity 435K, committed 512K, reserved 1048576K
}
Event: 2.164 GC heap before
{Heap before GC invocations=1 (full 0):
 garbage-first heap   total 131072K, used 17969K [0x0000000081400000, 0x0000000100000000)
  region size 1024K, 14 young (14336K), 2 survivors (2048K)
 Metaspace       used 6314K, capacity 6620K, committed 6784K, reserved 1056768K
  class space    used 685K, capacity 787K, committed 896K, reserved 1048576K
}
Event: 2.169 GC heap after
{Heap after GC invocations=2 (full 0):
 garbage-first heap   total 131072K, used 8541K [0x0000000081400000, 0x0000000100000000)
  region size 1024K, 2 young (2048K), 2 survivors (2048K)
 Metaspace       used 6314K, capacity 6620K, committed 6784K, reserved 1056768K
  class space    used 685K, capacity 787K, committed 896K, reserved 1048576K
}
Event: 5.066 GC heap before
{Heap before GC invocations=2 (full 0):
 garbage-first heap   total 131072K, used 35165K [0x0000000081400000, 0x0000000100000000)
  region size 1024K, 28 young (28672K), 2 survivors (2048K)
 Metaspace       used 14880K, capacity 15111K, committed 15360K, reserved 1062912K
  class space    used 1709K, capacity 1777K, committed 1792K, reserved 1048576K
}
Event: 5.070 GC heap after
{Heap after GC invocations=3 (full 0):
 garbage-first heap   total 131072K, used 11216K [0x0000000081400000, 0x0000000100000000)
  region size 1024K, 4 young (4096K), 4 survivors (4096K)
 Metaspace       used 14880K, capacity 15111K, committed 15360K, reserved 1062912K
  class space    used 1709K, capacity 1777K, committed 1792K, reserved 1048576K
}
Event: 6.563 GC heap before
{Heap before GC invocations=3 (full 0):
 garbage-first heap   total 131072K, used 43984K [0x0000000081400000, 0x0000000100000000)
  region size 1024K, 37 young (37888K), 4 survivors (4096K)
 Metaspace       used 20888K, capacity 21228K, committed 21248K, reserved 1069056K
  class space    used 2455K, capacity 2543K, committed 2560K, reserved 1048576K
}
Event: 6.574 GC heap after
{Heap after GC invocations=4 (full 0):
 garbage-first heap   total 131072K, used 13734K [0x0000000081400000, 0x0000000100000000)
  region size 1024K, 3 young (3072K), 3 survivors (3072K)
 Metaspace       used 20888K, capacity 21228K, committed 21248K, reserved 1069056K
  class space    used 2455K, capacity 2543K, committed 2560K, reserved 1048576K
}

Deoptimization events (20 events):
Event: 22.553 Thread 0x0000028069607000 DEOPT PACKING pc=0x0000028000b53e7c sp=0x00000091361fd4a0
Event: 22.553 Thread 0x0000028069607000 DEOPT UNPACKING pc=0x000002800004964e sp=0x00000091361fca18 mode 1
Event: 23.053 Thread 0x0000028069607000 DEOPT PACKING pc=0x00000280007df08c sp=0x00000091361fd150
Event: 23.053 Thread 0x0000028069607000 DEOPT UNPACKING pc=0x000002800004964e sp=0x00000091361fc698 mode 1
Event: 23.063 Thread 0x0000028069607000 DEOPT PACKING pc=0x00000280007df08c sp=0x00000091361fd150
Event: 23.063 Thread 0x0000028069607000 DEOPT UNPACKING pc=0x000002800004964e sp=0x00000091361fc698 mode 1
Event: 23.064 Thread 0x0000028069607000 DEOPT PACKING pc=0x0000028000b53e7c sp=0x00000091361fd4a0
Event: 23.064 Thread 0x0000028069607000 DEOPT UNPACKING pc=0x000002800004964e sp=0x00000091361fca18 mode 1
Event: 23.565 Thread 0x0000028069607000 DEOPT PACKING pc=0x00000280007df08c sp=0x00000091361fd150
Event: 23.565 Thread 0x0000028069607000 DEOPT UNPACKING pc=0x000002800004964e sp=0x00000091361fc698 mode 1
Event: 23.570 Thread 0x0000028069607000 DEOPT PACKING pc=0x00000280007df08c sp=0x00000091361fd150
Event: 23.570 Thread 0x0000028069607000 DEOPT UNPACKING pc=0x000002800004964e sp=0x00000091361fc698 mode 1
Event: 23.571 Thread 0x0000028069607000 DEOPT PACKING pc=0x0000028000b53e7c sp=0x00000091361fd4a0
Event: 23.571 Thread 0x0000028069607000 DEOPT UNPACKING pc=0x000002800004964e sp=0x00000091361fca18 mode 1
Event: 24.077 Thread 0x0000028069607000 DEOPT PACKING pc=0x00000280007df08c sp=0x00000091361fd150
Event: 24.077 Thread 0x0000028069607000 DEOPT UNPACKING pc=0x000002800004964e sp=0x00000091361fc698 mode 1
Event: 24.088 Thread 0x0000028069607000 DEOPT PACKING pc=0x00000280007df08c sp=0x00000091361fd150
Event: 24.088 Thread 0x0000028069607000 DEOPT UNPACKING pc=0x000002800004964e sp=0x00000091361fc698 mode 1
Event: 24.088 Thread 0x0000028069607000 DEOPT PACKING pc=0x0000028000b53e7c sp=0x00000091361fd4a0
Event: 24.088 Thread 0x0000028069607000 DEOPT UNPACKING pc=0x000002800004964e sp=0x00000091361fca18 mode 1

Classes unloaded (0 events):
No events

Classes redefined (2 events):
Event: 177.491 Thread 0x0000028078b2e000 redefined class name=com.opcbiz.fxprimus.testscript.profile.pending.AccountDetailsTest, count=1
Event: 465.193 Thread 0x0000028078b2e000 redefined class name=com.opcbiz.fxprimus.testscript.profile.pending.AccountDetailsTest, count=2

Internal exceptions (20 events):
Event: 4.702 Thread 0x0000028069607000 Exception <a 'java/lang/ClassNotFoundException'{0x0000000087e959a8}: com/aventstack/extentreports/StatusBeanInfo> (0x0000000087e959a8) 
thrown [t:/workspace/open/src/hotspot/share/classfile/systemDictionary.cpp, line 232]
Event: 4.702 Thread 0x0000028069607000 Exception <a 'java/lang/ClassNotFoundException'{0x0000000087e96728}: java/lang/EnumBeanInfo> (0x0000000087e96728) 
thrown [t:/workspace/open/src/hotspot/share/classfile/systemDictionary.cpp, line 232]
Event: 4.702 Thread 0x0000028069607000 Exception <a 'java/lang/ClassNotFoundException'{0x0000000087e97468}: java/lang/ObjectBeanInfo> (0x0000000087e97468) 
thrown [t:/workspace/open/src/hotspot/share/classfile/systemDictionary.cpp, line 232]
Event: 4.703 Thread 0x0000028069607000 Exception <a 'java/lang/ClassNotFoundException'{0x0000000087e98858}: java/lang/ObjectCustomizer> (0x0000000087e98858) 
thrown [t:/workspace/open/src/hotspot/share/classfile/systemDictionary.cpp, line 232]
Event: 4.717 Thread 0x0000028069607000 Exception <a 'java/lang/IncompatibleClassChangeError'{0x0000000087e9d8f8}: Found class java.lang.Object, but interface was expected> (0x0000000087e9d8f8) 
thrown [t:/workspace/open/src/hotspot/share/interpreter/linkResolver.cpp, line 833]
Event: 4.730 Thread 0x0000028069607000 Exception <a 'java/lang/ClassNotFoundException'{0x0000000087eaf1a8}: java/lang/EnumCustomizer> (0x0000000087eaf1a8) 
thrown [t:/workspace/open/src/hotspot/share/classfile/systemDictionary.cpp, line 232]
Event: 4.735 Thread 0x0000028069607000 Exception <a 'java/lang/ClassNotFoundException'{0x0000000087ecf138}: com/aventstack/extentreports/StatusCustomizer> (0x0000000087ecf138) 
thrown [t:/workspace/open/src/hotspot/share/classfile/systemDictionary.cpp, line 232]
Event: 5.000 Thread 0x0000028069607000 Exception <a 'java/lang/ClassCastException'{0x000000008798d150}: class com.sun.org.apache.xerces.internal.util.SecurityManager cannot be cast to class org.apache.xerces.util.SecurityManager (com.sun.org.apache.xerces.internal.util.SecurityManager is in module java.xml of loader 'bootstrap'; org.apache.xerces.util.SecurityManager is in unnamed module of loader 'app')> (0x000000008798d150) 
thrown [t:/workspace/open/src/hotspot/share/interpreter/interpreterRuntime.cpp, line 474]
Event: 5.283 Thread 0x0000028069607000 Implicit null exception at 0x0000028007b447e8 to 0x0000028007b4487a
Event: 6.551 Thread 0x0000028069607000 Exception <a 'java/net/SocketException'{0x0000000086f59f28}: Socket is not connected: shutdown> (0x0000000086f59f28) 
thrown [t:/workspace/open/src/hotspot/share/prims/jni.cpp, line 619]
Event: 7.538 Thread 0x000002807aead000 Exception <a 'java/lang/NoSuchMethodError'{0x0000000083a11ec0}: 'void java.lang.invoke.DirectMethodHandle$Holder.invokeStatic(java.lang.Object, long)'> (0x0000000083a11ec0) 
thrown [t:/workspace/open/src/hotspot/share/interpreter/linkResolver.cpp, line 767]
Event: 7.541 Thread 0x000002807aead000 Exception <a 'java/lang/NoSuchMethodError'{0x0000000083a1bfb8}: 'java.lang.Object java.lang.invoke.DirectMethodHandle$Holder.invokeStaticInit(java.lang.Object, java.lang.Object, long, java.lang.Object)'> (0x0000000083a1bfb8) 
thrown [t:/workspace/open/src/hotspot/share/interpreter/linkResolver.cpp, line 767]
Event: 7.542 Thread 0x000002807aead000 Exception <a 'java/lang/NoSuchMethodError'{0x0000000083a215b0}: 'java.lang.Object java.lang.invoke.Invokers$Holder.linkToTargetMethod(java.lang.Object, long, java.lang.Object)'> (0x0000000083a215b0) 
thrown [t:/workspace/open/src/hotspot/share/interpreter/linkResolver.cpp, line 767]
Event: 7.555 Thread 0x000002807a48f000 Exception <a 'java/net/SocketException'{0x0000000083aafea8}: Socket is not connected: shutdown> (0x0000000083aafea8) 
thrown [t:/workspace/open/src/hotspot/share/prims/jni.cpp, line 619]
Event: 8.066 Thread 0x000002807a48f000 Exception <a 'java/net/SocketException'{0x0000000083ab11c0}: Socket is not connected: shutdown> (0x0000000083ab11c0) 
thrown [t:/workspace/open/src/hotspot/share/prims/jni.cpp, line 619]
Event: 8.103 Thread 0x0000028069607000 Exception <a 'java/lang/NoSuchMethodError'{0x0000000083a53090}: 'java.lang.Object java.lang.invoke.DirectMethodHandle$Holder.invokeInterface(java.lang.Object, java.lang.Object, java.lang.Object)'> (0x0000000083a53090) 
thrown [t:/workspace/open/src/hotspot/share/interpreter/linkResolver.cpp, line 767]
Event: 8.104 Thread 0x0000028069607000 Exception <a 'java/lang/IncompatibleClassChangeError'{0x0000000083a55f20}: Found class java.lang.Object, but interface was expected> (0x0000000083a55f20) 
thrown [t:/workspace/open/src/hotspot/share/interpreter/linkResolver.cpp, line 833]
Event: 8.105 Thread 0x0000028069607000 Exception <a 'java/lang/NoSuchMethodError'{0x0000000083a5c628}: 'int java.lang.invoke.DirectMethodHandle$Holder.invokeSpecialIFC(java.lang.Object, java.lang.Object, java.lang.Object, java.lang.Object)'> (0x0000000083a5c628) 
thrown [t:/workspace/open/src/hotspot/share/interpreter/linkResolver.cpp, line 767]
Event: 8.162 Thread 0x0000028069607000 Exception <a 'java/lang/NoSuchMethodError'{0x00000000839d06b8}: 'java.lang.Object java.lang.invoke.DirectMethodHandle$Holder.invokeVirtual(java.lang.Object, java.lang.Object, java.lang.Object)'> (0x00000000839d06b8) 
thrown [t:/workspace/open/src/hotspot/share/interpreter/linkResolver.cpp, line 767]
Event: 11.272 Thread 0x0000028069607000 Exception <a 'java/lang/ClassNotFoundException'{0x00000000832ac4b8}: sun/util/logging/resources/spi/loggingProvider> (0x00000000832ac4b8) 
thrown [t:/workspace/open/src/hotspot/share/classfile/systemDictionary.cpp, line 232]

Events (20 events):
Event: 177.800 Executing VM operation: get/set locals
Event: 177.800 Executing VM operation: get/set locals done
Event: 465.185 Executing VM operation: RedefineClasses
Event: 465.206 Executing VM operation: RedefineClasses done
Event: 465.222 Executing VM operation: ChangeBreakpoints
Event: 465.223 Executing VM operation: ChangeBreakpoints done
Event: 465.236 Executing VM operation: ChangeBreakpoints
Event: 465.237 Executing VM operation: ChangeBreakpoints done
Event: 465.240 Executing VM operation: GetFrameCount
Event: 465.241 Executing VM operation: GetFrameCount done
Event: 465.241 Executing VM operation: GetStackTrace
Event: 465.241 Executing VM operation: GetStackTrace done
Event: 465.379 Executing VM operation: GetFrameCount
Event: 465.379 Executing VM operation: GetFrameCount done
Event: 465.379 Executing VM operation: GetOwnedMonitorInfo
Event: 465.379 Executing VM operation: GetOwnedMonitorInfo done
Event: 465.380 Executing VM operation: GetCurrentContendedMonitor
Event: 465.380 Executing VM operation: GetCurrentContendedMonitor done
Event: 465.415 Executing VM operation: GetFrameLocation
Event: 465.415 Executing VM operation: GetFrameLocation done


Dynamic libraries:
0x00007ff658d50000 - 0x00007ff658d5f000 	C:\Dev\Java\jdk-13.0.2\bin\javaw.exe
0x00007ffd458c0000 - 0x00007ffd45ab0000 	C:\Windows\SYSTEM32\ntdll.dll
0x00007ffd43ab0000 - 0x00007ffd43b62000 	C:\Windows\System32\KERNEL32.DLL
0x00007ffd42880000 - 0x00007ffd42b24000 	C:\Windows\System32\KERNELBASE.dll
0x00007ffd42b30000 - 0x00007ffd42c2a000 	C:\Windows\System32\ucrtbase.dll
0x00007ffd3f0c0000 - 0x00007ffd3f0d8000 	C:\Dev\Java\jdk-13.0.2\bin\jli.dll
0x00007ffd43b90000 - 0x00007ffd43c33000 	C:\Windows\System32\ADVAPI32.dll
0x00007ffd45060000 - 0x00007ffd450fe000 	C:\Windows\System32\msvcrt.dll
0x00007ffd44d30000 - 0x00007ffd44dc7000 	C:\Windows\System32\sechost.dll
0x00007ffd45760000 - 0x00007ffd45880000 	C:\Windows\System32\RPCRT4.dll
0x00007ffd44970000 - 0x00007ffd44b04000 	C:\Windows\System32\USER32.dll
0x00007ffd42850000 - 0x00007ffd42871000 	C:\Windows\System32\win32u.dll
0x00007ffd43c50000 - 0x00007ffd43c76000 	C:\Windows\System32\GDI32.dll
0x00007ffd435e0000 - 0x00007ffd43775000 	C:\Windows\System32\gdi32full.dll
0x00007ffd43490000 - 0x00007ffd4352e000 	C:\Windows\System32\msvcp_win.dll
0x00007ffd270c0000 - 0x00007ffd27344000 	C:\Windows\WinSxS\amd64_microsoft.windows.common-controls_6595b64144ccf1df_6.0.18362.900_none_e6beb9d913147d17\COMCTL32.dll
0x00007ffd44630000 - 0x00007ffd44965000 	C:\Windows\System32\combase.dll
0x00007ffd438f0000 - 0x00007ffd43970000 	C:\Windows\System32\bcryptPrimitives.dll
0x00007ffd36510000 - 0x00007ffd3651a000 	C:\Windows\SYSTEM32\VERSION.dll
0x00007ffd3ebf0000 - 0x00007ffd3ec05000 	C:\Dev\Java\jdk-13.0.2\bin\VCRUNTIME140.dll
0x00007ffd44e80000 - 0x00007ffd44eae000 	C:\Windows\System32\IMM32.DLL
0x00007ffd3a240000 - 0x00007ffd3a2db000 	C:\Dev\Java\jdk-13.0.2\bin\msvcp140.dll
0x00007ffce4400000 - 0x00007ffce4f5d000 	C:\Dev\Java\jdk-13.0.2\bin\server\jvm.dll
0x00007ffd43c40000 - 0x00007ffd43c48000 	C:\Windows\System32\PSAPI.DLL
0x00007ffd408f0000 - 0x00007ffd40914000 	C:\Windows\SYSTEM32\WINMM.dll
0x00007ffd38250000 - 0x00007ffd38259000 	C:\Windows\SYSTEM32\WSOCK32.dll
0x00007ffd44cc0000 - 0x00007ffd44d2f000 	C:\Windows\System32\WS2_32.dll
0x00007ffd40890000 - 0x00007ffd408bd000 	C:\Windows\SYSTEM32\WINMMBASE.dll
0x00007ffd43440000 - 0x00007ffd4348a000 	C:\Windows\System32\cfgmgr32.dll
0x00007ffd427e0000 - 0x00007ffd427f1000 	C:\Windows\System32\kernel.appcore.dll
0x00007ffd3aa10000 - 0x00007ffd3aa20000 	C:\Dev\Java\jdk-13.0.2\bin\verify.dll
0x00007ffd34280000 - 0x00007ffd34474000 	C:\Windows\SYSTEM32\DBGHELP.DLL
0x00007ffd341a0000 - 0x00007ffd341ca000 	C:\Windows\SYSTEM32\dbgcore.DLL
0x00007ffd3a0e0000 - 0x00007ffd3a106000 	C:\Dev\Java\jdk-13.0.2\bin\java.dll
0x00007ffd3b150000 - 0x00007ffd3b188000 	C:\Dev\Java\jdk-13.0.2\bin\jdwp.dll
0x00007ffd3a320000 - 0x00007ffd3a337000 	C:\Dev\Java\jdk-13.0.2\bin\zip.dll
0x00007ffd3a620000 - 0x00007ffd3a62a000 	C:\Dev\Java\jdk-13.0.2\bin\jimage.dll
0x00007ffd43c90000 - 0x00007ffd44376000 	C:\Windows\System32\SHELL32.dll
0x00007ffd44dd0000 - 0x00007ffd44e79000 	C:\Windows\System32\shcore.dll
0x00007ffd42cc0000 - 0x00007ffd43440000 	C:\Windows\System32\windows.storage.dll
0x00007ffd42820000 - 0x00007ffd42843000 	C:\Windows\System32\profapi.dll
0x00007ffd42790000 - 0x00007ffd427da000 	C:\Windows\System32\powrprof.dll
0x00007ffd42780000 - 0x00007ffd42790000 	C:\Windows\System32\UMPDC.dll
0x00007ffd439f0000 - 0x00007ffd43a42000 	C:\Windows\System32\shlwapi.dll
0x00007ffd43780000 - 0x00007ffd43797000 	C:\Windows\System32\cryptsp.dll
0x00007ffd409c0000 - 0x00007ffd409cb000 	C:\Dev\Java\jdk-13.0.2\bin\dt_socket.dll
0x00007ffd41f90000 - 0x00007ffd41ff7000 	C:\Windows\system32\mswsock.dll
0x00007ffd41ce0000 - 0x00007ffd41dab000 	C:\Windows\SYSTEM32\DNSAPI.dll
0x00007ffd43c80000 - 0x00007ffd43c88000 	C:\Windows\System32\NSI.dll
0x00007ffd41ca0000 - 0x00007ffd41cda000 	C:\Windows\SYSTEM32\IPHLPAPI.DLL
0x00007ffd3c110000 - 0x00007ffd3c11a000 	C:\Windows\System32\rasadhlp.dll
0x00007ffd3cd20000 - 0x00007ffd3cd97000 	C:\Windows\System32\fwpuclnt.dll
0x00007ffd42c90000 - 0x00007ffd42cb6000 	C:\Windows\System32\bcrypt.dll
0x00007ffd3a0b0000 - 0x00007ffd3a0c9000 	C:\Dev\Java\jdk-13.0.2\bin\net.dll
0x00007ffd3b030000 - 0x00007ffd3b120000 	C:\Windows\SYSTEM32\WINHTTP.dll
0x00007ffd39520000 - 0x00007ffd39533000 	C:\Dev\Java\jdk-13.0.2\bin\nio.dll
0x00007ffd3a510000 - 0x00007ffd3a535000 	C:\Dev\Java\jdk-13.0.2\bin\sunec.dll
0x00007ffd41b00000 - 0x00007ffd41b33000 	C:\Windows\system32\rsaenh.dll
0x00007ffd426a0000 - 0x00007ffd426c5000 	C:\Windows\SYSTEM32\USERENV.dll
0x00007ffd42160000 - 0x00007ffd4216c000 	C:\Windows\SYSTEM32\CRYPTBASE.dll
0x00007ffd3d020000 - 0x00007ffd3d036000 	C:\Windows\SYSTEM32\dhcpcsvc6.DLL
0x00007ffd3cf60000 - 0x00007ffd3cf7c000 	C:\Windows\SYSTEM32\dhcpcsvc.DLL
0x00007ffd3a500000 - 0x00007ffd3a50e000 	C:\Dev\Java\jdk-13.0.2\bin\sunmscapi.dll
0x00007ffd437a0000 - 0x00007ffd438e9000 	C:\Windows\System32\CRYPT32.dll
0x00007ffd42800000 - 0x00007ffd42812000 	C:\Windows\System32\MSASN1.dll
0x00007ffd42260000 - 0x00007ffd42286000 	C:\Windows\SYSTEM32\ncrypt.dll
0x00007ffd42220000 - 0x00007ffd4225b000 	C:\Windows\SYSTEM32\NTASN1.dll

dbghelp: loaded successfully - version: 4.0.5 - missing functions: none
symbol engine: initialized successfully - sym options: 0x614 - pdb path: .;C:\Dev\Java\jdk-13.0.2\bin;C:\Windows\SYSTEM32;C:\Windows\WinSxS\amd64_microsoft.windows.common-controls_6595b64144ccf1df_6.0.18362.900_none_e6beb9d913147d17;C:\Dev\Java\jdk-13.0.2\bin\server

VM Arguments:
jvm_args: -agentlib:jdwp=transport=dt_socket,suspend=y,address=localhost:64414 -ea -Dfile.encoding=UTF-8 
java_command: org.testng.remote.RemoteTestNG -serport 64395 -protocol json -d E:\eclipse-workspace\FXPRIMUS\test-output C:\Users\LQA\AppData\Local\Temp\testng-eclipse-747877435\testng-customsuite.xml
java_class_path (initial): C:\Dev\eclipse\java-2020-03\eclipse\configuration\org.eclipse.osgi\484\0\.cp\lib\testng-remote.jar;E:\eclipse-workspace\FXPRIMUS\target\test-classes;E:\eclipse-workspace\FXPRIMUS\target\classes;C:\Users\LQA\.m2\repository\org\testng\testng\6.14.3\testng-6.14.3.jar;C:\Users\LQA\.m2\repository\com\beust\jcommander\1.72\jcommander-1.72.jar;C:\Users\LQA\.m2\repository\org\apache-extras\beanshell\bsh\2.0b6\bsh-2.0b6.jar;C:\Users\LQA\.m2\repository\org\seleniumhq\selenium\selenium-java\3.4.0\selenium-java-3.4.0.jar;C:\Users\LQA\.m2\repository\org\seleniumhq\selenium\selenium-api\3.4.0\selenium-api-3.4.0.jar;C:\Users\LQA\.m2\repository\org\seleniumhq\selenium\selenium-chrome-driver\3.4.0\selenium-chrome-driver-3.4.0.jar;C:\Users\LQA\.m2\repository\org\seleniumhq\selenium\selenium-edge-driver\3.4.0\selenium-edge-driver-3.4.0.jar;C:\Users\LQA\.m2\repository\org\seleniumhq\selenium\selenium-firefox-driver\3.4.0\selenium-firefox-driver-3.4.0.jar;C:\Users\LQA\.m2\repository\org\seleniumhq\selenium\selenium-ie-driver\3.4.0\selenium-ie-driver-3.4.0.jar;C:\Users\LQA\.m2\repository\org\seleniumhq\selenium\selenium-opera-driver\3.4.0\selenium-opera-driver-3.4.0.jar;C:\Users\LQA\.m2\repository\org\seleniumhq\selenium\selenium-remote-driver\3.4.0\selenium-remote-driver-3.4.0.jar;C:\Users\LQA\.m2\repository\org\seleniumhq\selenium\selenium-safari-driver\3.4.0\selenium-safari-driver-3.4.0.jar;C:\Users\LQA\.m2\repository\org\seleniumhq\selenium\selenium-support\3.4.0\selenium-support-3.4.0.jar;C:\Users\LQA\.m2\repository\cglib\cglib-nodep\3.2.4\cglib-nodep-3.2.4.jar;C:\Users\LQA\.m2\repository\org\apache\commons\commons-exec\1.3\commons-exec-1.3.jar;C:\Users\LQA\.m2\repository\org\apache\commons\commons-lang3\3.5\commons-lang3-3.5.jar;C:\Users\LQA\.m2\repository\commons-codec\commons-codec\1.10\commons-codec-1.10.jar;C:\Users\LQA\.m2\repository\commons-io\commons-io\2.5\commons-io-2.5.jar;C:\Users\LQA\.m2\repository\commons-logging\commons-logging\1.2\commons
Launcher Type: SUN_STANDARD

[Global flags]
     intx CICompilerCount                          = 3                                         {product} {ergonomic}
     uint ConcGCThreads                            = 1                                         {product} {ergonomic}
     uint G1ConcRefinementThreads                  = 4                                         {product} {ergonomic}
   size_t G1HeapRegionSize                         = 1048576                                   {product} {ergonomic}
    uintx GCDrainStackTargetSize                   = 64                                        {product} {ergonomic}
   size_t InitialHeapSize                          = 134217728                                 {product} {ergonomic}
   size_t MarkStackSize                            = 4194304                                   {product} {ergonomic}
   size_t MaxHeapSize                              = 2126512128                                {product} {ergonomic}
   size_t MaxNewSize                               = 1275068416                                {product} {ergonomic}
   size_t MinHeapDeltaBytes                        = 1048576                                   {product} {ergonomic}
   size_t MinHeapSize                              = 8388608                                   {product} {ergonomic}
    uintx NonNMethodCodeHeapSize                   = 5832780                                {pd product} {ergonomic}
    uintx NonProfiledCodeHeapSize                  = 122912730                              {pd product} {ergonomic}
    uintx ProfiledCodeHeapSize                     = 122912730                              {pd product} {ergonomic}
    uintx ReservedCodeCacheSize                    = 251658240                              {pd product} {ergonomic}
     bool SegmentedCodeCache                       = true                                      {product} {ergonomic}
   size_t SoftMaxHeapSize                          = 2126512128                             {manageable} {ergonomic}
     bool UseCompressedClassPointers               = true                                 {lp64_product} {ergonomic}
     bool UseCompressedOops                        = true                                 {lp64_product} {ergonomic}
     bool UseG1GC                                  = true                                      {product} {ergonomic}
     bool UseLargePagesIndividualAllocation        = false                                  {pd product} {ergonomic}

Logging:
Log output configuration:
 #0: stdout all=warning uptime,level,tags
 #1: stderr all=off uptime,level,tags

Environment Variables:
JAVA_HOME=C:\Dev\Java\jdk-13.0.2
PATH=C:/Dev/Java/jdk-13.0.2/bin/server;C:/Dev/Java/jdk-13.0.2/bin;C:\Program Files\Microsoft MPI\Bin\;C:\Dev\Java\jdk-13.0.2\bin;C:\Program Files (x86)\Common Files\Oracle\Java\javapath;C:\Windows\system32;C:\Windows;C:\Windows\System32\Wbem;C:\Windows\System32\WindowsPowerShell\v1.0\;C:\Windows\System32\OpenSSH\;C:\Dev\Git\cmd;C:\Program Files\dotnet\;C:\Program Files\Microsoft SQL Server\130\Tools\Binn\;C:\Program Files\Microsoft SQL Server\Client SDK\ODBC\170\Tools\Binn\;C:\Program Files (x86)\Microsoft SQL Server\140\Tools\Binn\;C:\Program Files\Microsoft SQL Server\140\Tools\Binn\;C:\Program Files (x86)\Microsoft SQL Server\140\DTS\Binn\;C:\Program Files\Microsoft SQL Server\140\DTS\Binn\;C:\Program Files\Microsoft SQL Server\Client SDK\ODBC\130\Tools\Binn\;C:\Program Files (x86)\Microsoft SQL Server\150\DTS\Binn\;C:\Dev\apache-maven-3.6.3\bin\;C:\Users\LQA\AppData\Local\Android\Sdk\tools;C:\Users\LQA\AppData\Local\Android\Sdk\platform-tools;C:\Program Files\nodejs\;C:\Dev\Ruby27-x64\bin;C:\Dev\Python\Python38-32\Scripts\;C:\Dev\Python\Python38-32\;C:\Users\LQA\AppData\Local\Microsoft\WindowsApps;;C:\Dev\JetBrains\PyCharm Community Edition 2019.2.3\bin;;C:\Dev\Microsoft VS Code\bin;C:\Users\LQA\AppData\Roaming\npm;C:\Windows\System32;
USERNAME=LQA
OS=Windows_NT
PROCESSOR_IDENTIFIER=Intel64 Family 6 Model 42 Stepping 7, GenuineIntel



---------------  S Y S T E M  ---------------

OS: Windows 10 , 64 bit Build 18362 (10.0.18362.900)

CPU:total 4 (initial active 4) (4 cores per cpu, 1 threads per core) family 6 model 42 stepping 7, cmov, cx8, fxsr, mmx, sse, sse2, sse3, ssse3, sse4.1, sse4.2, popcnt, avx, aes, clmul, tsc, tscinvbit

Memory: 4k page, system-wide physical 8108M (1917M free)
TotalPageFile size 13740M (AvailPageFile size 3380M)
current process WorkingSet (physical memory assigned to process): 118M, peak: 141M
current process commit charge ("private bytes"): 169M, peak: 257M

vm_info: Java HotSpot(TM) 64-Bit Server VM (13.0.2+8) for windows-amd64 JRE (13.0.2+8), built on Dec 11 2019 09:20:33 by "mach5one" with unknown MS VC++:1916

END.
